[2021-12-30 10:41:19] local.ERROR: SQLSTATE[42S02]: Base table or view not found: 1146 Table 'app.system' doesn't exist (SQL: select * from `system` where `key` = crm_version limit 1) {"exception":"[object] (Illuminate\\Database\\QueryException(code: 42S02): SQLSTATE[42S02]: Base table or view not found: 1146 Table 'app.system' doesn't exist (SQL: select * from `system` where `key` = crm_version limit 1) at /var/www/larislur/vendor/laravel/framework/src/Illuminate/Database/Connection.php:664, PDOException(code: 42S02): SQLSTATE[42S02]: Base table or view not found: 1146 Table 'app.system' doesn't exist at /var/www/larislur/vendor/laravel/framework/src/Illuminate/Database/Connection.php:326)
[stacktrace]
#0 /var/www/larislur/vendor/laravel/framework/src/Illuminate/Database/Connection.php(624): Illuminate\\Database\\Connection->runQueryCallback()
#1 /var/www/larislur/vendor/laravel/framework/src/Illuminate/Database/Connection.php(333): Illuminate\\Database\\Connection->run()
#2 /var/www/larislur/vendor/laravel/framework/src/Illuminate/Database/Query/Builder.php(2130): Illuminate\\Database\\Connection->select()
#3 /var/www/larislur/vendor/laravel/framework/src/Illuminate/Database/Query/Builder.php(2118): Illuminate\\Database\\Query\\Builder->runSelect()
#4 /var/www/larislur/vendor/laravel/framework/src/Illuminate/Database/Query/Builder.php(2604): Illuminate\\Database\\Query\\Builder->Illuminate\\Database\\Query\\{closure}()
#5 /var/www/larislur/vendor/laravel/framework/src/Illuminate/Database/Query/Builder.php(2119): Illuminate\\Database\\Query\\Builder->onceWithColumns()
#6 /var/www/larislur/vendor/laravel/framework/src/Illuminate/Database/Eloquent/Builder.php(521): Illuminate\\Database\\Query\\Builder->get()
#7 /var/www/larislur/vendor/laravel/framework/src/Illuminate/Database/Eloquent/Builder.php(505): Illuminate\\Database\\Eloquent\\Builder->getModels()
#8 /var/www/larislur/vendor/laravel/framework/src/Illuminate/Database/Concerns/BuildsQueries.php(77): Illuminate\\Database\\Eloquent\\Builder->get()
#9 /var/www/larislur/app/System.php(39): Illuminate\\Database\\Eloquent\\Builder->first()
#10 /var/www/larislur/app/Utils/ModuleUtil.php(28): App\\System::getProperty()
#11 /var/www/larislur/Modules/Crm/Providers/CrmServiceProvider.php(178): App\\Utils\\ModuleUtil->isModuleInstalled()
#12 /var/www/larislur/Modules/Crm/Providers/CrmServiceProvider.php(47): Modules\\Crm\\Providers\\CrmServiceProvider->registerScheduleCommands()
#13 [internal function]: Modules\\Crm\\Providers\\CrmServiceProvider->boot()
#14 /var/www/larislur/vendor/laravel/framework/src/Illuminate/Container/BoundMethod.php(32): call_user_func_array()
#15 /var/www/larislur/vendor/laravel/framework/src/Illuminate/Container/BoundMethod.php(90): Illuminate\\Container\\BoundMethod::Illuminate\\Container\\{closure}()
#16 /var/www/larislur/vendor/laravel/framework/src/Illuminate/Container/BoundMethod.php(34): Illuminate\\Container\\BoundMethod::callBoundMethod()
#17 /var/www/larislur/vendor/laravel/framework/src/Illuminate/Container/Container.php(576): Illuminate\\Container\\BoundMethod::call()
#18 /var/www/larislur/vendor/laravel/framework/src/Illuminate/Foundation/Application.php(827): Illuminate\\Container\\Container->call()
#19 /var/www/larislur/vendor/laravel/framework/src/Illuminate/Foundation/Application.php(810): Illuminate\\Foundation\\Application->bootProvider()
#20 [internal function]: Illuminate\\Foundation\\Application->Illuminate\\Foundation\\{closure}()
#21 /var/www/larislur/vendor/laravel/framework/src/Illuminate/Foundation/Application.php(811): array_walk()
#22 /var/www/larislur/vendor/laravel/framework/src/Illuminate/Foundation/Bootstrap/BootProviders.php(17): Illuminate\\Foundation\\Application->boot()
#23 /var/www/larislur/vendor/laravel/framework/src/Illuminate/Foundation/Application.php(210): Illuminate\\Foundation\\Bootstrap\\BootProviders->bootstrap()
#24 /var/www/larislur/vendor/laravel/framework/src/Illuminate/Foundation/Http/Kernel.php(162): Illuminate\\Foundation\\Application->bootstrapWith()
#25 /var/www/larislur/vendor/laravel/framework/src/Illuminate/Foundation/Http/Kernel.php(146): Illuminate\\Foundation\\Http\\Kernel->bootstrap()
#26 /var/www/larislur/vendor/laravel/framework/src/Illuminate/Foundation/Http/Kernel.php(116): Illuminate\\Foundation\\Http\\Kernel->sendRequestThroughRouter()
#27 /var/www/larislur/public/index.php(53): Illuminate\\Foundation\\Http\\Kernel->handle()
#28 {main}
"} 
[2021-12-30 11:28:32] local.ERROR: SQLSTATE[HY000] [1045] Access denied for user 'kokuja_admin'@'localhost' (using password: YES) (SQL: select * from `system` where `key` = crm_version limit 1) {"exception":"[object] (Illuminate\\Database\\QueryException(code: 1045): SQLSTATE[HY000] [1045] Access denied for user 'kokuja_admin'@'localhost' (using password: YES) (SQL: select * from `system` where `key` = crm_version limit 1) at /var/www/larislur/vendor/laravel/framework/src/Illuminate/Database/Connection.php:664, PDOException(code: 1045): SQLSTATE[HY000] [1045] Access denied for user 'kokuja_admin'@'localhost' (using password: YES) at /var/www/larislur/vendor/laravel/framework/src/Illuminate/Database/Connectors/Connector.php:70)
[stacktrace]
#0 /var/www/larislur/vendor/laravel/framework/src/Illuminate/Database/Connection.php(624): Illuminate\\Database\\Connection->runQueryCallback()
#1 /var/www/larislur/vendor/laravel/framework/src/Illuminate/Database/Connection.php(333): Illuminate\\Database\\Connection->run()
#2 /var/www/larislur/vendor/laravel/framework/src/Illuminate/Database/Query/Builder.php(2130): Illuminate\\Database\\Connection->select()
#3 /var/www/larislur/vendor/laravel/framework/src/Illuminate/Database/Query/Builder.php(2118): Illuminate\\Database\\Query\\Builder->runSelect()
#4 /var/www/larislur/vendor/laravel/framework/src/Illuminate/Database/Query/Builder.php(2604): Illuminate\\Database\\Query\\Builder->Illuminate\\Database\\Query\\{closure}()
#5 /var/www/larislur/vendor/laravel/framework/src/Illuminate/Database/Query/Builder.php(2119): Illuminate\\Database\\Query\\Builder->onceWithColumns()
#6 /var/www/larislur/vendor/laravel/framework/src/Illuminate/Database/Eloquent/Builder.php(521): Illuminate\\Database\\Query\\Builder->get()
#7 /var/www/larislur/vendor/laravel/framework/src/Illuminate/Database/Eloquent/Builder.php(505): Illuminate\\Database\\Eloquent\\Builder->getModels()
#8 /var/www/larislur/vendor/laravel/framework/src/Illuminate/Database/Concerns/BuildsQueries.php(77): Illuminate\\Database\\Eloquent\\Builder->get()
#9 /var/www/larislur/app/System.php(39): Illuminate\\Database\\Eloquent\\Builder->first()
#10 /var/www/larislur/app/Utils/ModuleUtil.php(28): App\\System::getProperty()
#11 /var/www/larislur/Modules/Crm/Providers/CrmServiceProvider.php(178): App\\Utils\\ModuleUtil->isModuleInstalled()
#12 /var/www/larislur/Modules/Crm/Providers/CrmServiceProvider.php(47): Modules\\Crm\\Providers\\CrmServiceProvider->registerScheduleCommands()
#13 [internal function]: Modules\\Crm\\Providers\\CrmServiceProvider->boot()
#14 /var/www/larislur/vendor/laravel/framework/src/Illuminate/Container/BoundMethod.php(32): call_user_func_array()
#15 /var/www/larislur/vendor/laravel/framework/src/Illuminate/Container/BoundMethod.php(90): Illuminate\\Container\\BoundMethod::Illuminate\\Container\\{closure}()
#16 /var/www/larislur/vendor/laravel/framework/src/Illuminate/Container/BoundMethod.php(34): Illuminate\\Container\\BoundMethod::callBoundMethod()
#17 /var/www/larislur/vendor/laravel/framework/src/Illuminate/Container/Container.php(576): Illuminate\\Container\\BoundMethod::call()
#18 /var/www/larislur/vendor/laravel/framework/src/Illuminate/Foundation/Application.php(827): Illuminate\\Container\\Container->call()
#19 /var/www/larislur/vendor/laravel/framework/src/Illuminate/Foundation/Application.php(810): Illuminate\\Foundation\\Application->bootProvider()
#20 [internal function]: Illuminate\\Foundation\\Application->Illuminate\\Foundation\\{closure}()
#21 /var/www/larislur/vendor/laravel/framework/src/Illuminate/Foundation/Application.php(811): array_walk()
#22 /var/www/larislur/vendor/laravel/framework/src/Illuminate/Foundation/Bootstrap/BootProviders.php(17): Illuminate\\Foundation\\Application->boot()
#23 /var/www/larislur/vendor/laravel/framework/src/Illuminate/Foundation/Application.php(210): Illuminate\\Foundation\\Bootstrap\\BootProviders->bootstrap()
#24 /var/www/larislur/vendor/laravel/framework/src/Illuminate/Foundation/Http/Kernel.php(162): Illuminate\\Foundation\\Application->bootstrapWith()
#25 /var/www/larislur/vendor/laravel/framework/src/Illuminate/Foundation/Http/Kernel.php(146): Illuminate\\Foundation\\Http\\Kernel->bootstrap()
#26 /var/www/larislur/vendor/laravel/framework/src/Illuminate/Foundation/Http/Kernel.php(116): Illuminate\\Foundation\\Http\\Kernel->sendRequestThroughRouter()
#27 /var/www/larislur/public/index.php(53): Illuminate\\Foundation\\Http\\Kernel->handle()
#28 {main}
"} 
[2021-12-30 11:34:23] local.ERROR: SQLSTATE[HY000] [1045] Access denied for user 'kokuja_admin'@'localhost' (using password: YES) (SQL: select * from `system` where `key` = crm_version limit 1) {"exception":"[object] (Illuminate\\Database\\QueryException(code: 1045): SQLSTATE[HY000] [1045] Access denied for user 'kokuja_admin'@'localhost' (using password: YES) (SQL: select * from `system` where `key` = crm_version limit 1) at /var/www/larislur/vendor/laravel/framework/src/Illuminate/Database/Connection.php:664, PDOException(code: 1045): SQLSTATE[HY000] [1045] Access denied for user 'kokuja_admin'@'localhost' (using password: YES) at /var/www/larislur/vendor/laravel/framework/src/Illuminate/Database/Connectors/Connector.php:70)
[stacktrace]
#0 /var/www/larislur/vendor/laravel/framework/src/Illuminate/Database/Connection.php(624): Illuminate\\Database\\Connection->runQueryCallback()
#1 /var/www/larislur/vendor/laravel/framework/src/Illuminate/Database/Connection.php(333): Illuminate\\Database\\Connection->run()
#2 /var/www/larislur/vendor/laravel/framework/src/Illuminate/Database/Query/Builder.php(2130): Illuminate\\Database\\Connection->select()
#3 /var/www/larislur/vendor/laravel/framework/src/Illuminate/Database/Query/Builder.php(2118): Illuminate\\Database\\Query\\Builder->runSelect()
#4 /var/www/larislur/vendor/laravel/framework/src/Illuminate/Database/Query/Builder.php(2604): Illuminate\\Database\\Query\\Builder->Illuminate\\Database\\Query\\{closure}()
#5 /var/www/larislur/vendor/laravel/framework/src/Illuminate/Database/Query/Builder.php(2119): Illuminate\\Database\\Query\\Builder->onceWithColumns()
#6 /var/www/larislur/vendor/laravel/framework/src/Illuminate/Database/Eloquent/Builder.php(521): Illuminate\\Database\\Query\\Builder->get()
#7 /var/www/larislur/vendor/laravel/framework/src/Illuminate/Database/Eloquent/Builder.php(505): Illuminate\\Database\\Eloquent\\Builder->getModels()
#8 /var/www/larislur/vendor/laravel/framework/src/Illuminate/Database/Concerns/BuildsQueries.php(77): Illuminate\\Database\\Eloquent\\Builder->get()
#9 /var/www/larislur/app/System.php(39): Illuminate\\Database\\Eloquent\\Builder->first()
#10 /var/www/larislur/app/Utils/ModuleUtil.php(28): App\\System::getProperty()
#11 /var/www/larislur/Modules/Crm/Providers/CrmServiceProvider.php(178): App\\Utils\\ModuleUtil->isModuleInstalled()
#12 /var/www/larislur/Modules/Crm/Providers/CrmServiceProvider.php(47): Modules\\Crm\\Providers\\CrmServiceProvider->registerScheduleCommands()
#13 [internal function]: Modules\\Crm\\Providers\\CrmServiceProvider->boot()
#14 /var/www/larislur/vendor/laravel/framework/src/Illuminate/Container/BoundMethod.php(32): call_user_func_array()
#15 /var/www/larislur/vendor/laravel/framework/src/Illuminate/Container/BoundMethod.php(90): Illuminate\\Container\\BoundMethod::Illuminate\\Container\\{closure}()
#16 /var/www/larislur/vendor/laravel/framework/src/Illuminate/Container/BoundMethod.php(34): Illuminate\\Container\\BoundMethod::callBoundMethod()
#17 /var/www/larislur/vendor/laravel/framework/src/Illuminate/Container/Container.php(576): Illuminate\\Container\\BoundMethod::call()
#18 /var/www/larislur/vendor/laravel/framework/src/Illuminate/Foundation/Application.php(827): Illuminate\\Container\\Container->call()
#19 /var/www/larislur/vendor/laravel/framework/src/Illuminate/Foundation/Application.php(810): Illuminate\\Foundation\\Application->bootProvider()
#20 [internal function]: Illuminate\\Foundation\\Application->Illuminate\\Foundation\\{closure}()
#21 /var/www/larislur/vendor/laravel/framework/src/Illuminate/Foundation/Application.php(811): array_walk()
#22 /var/www/larislur/vendor/laravel/framework/src/Illuminate/Foundation/Bootstrap/BootProviders.php(17): Illuminate\\Foundation\\Application->boot()
#23 /var/www/larislur/vendor/laravel/framework/src/Illuminate/Foundation/Application.php(210): Illuminate\\Foundation\\Bootstrap\\BootProviders->bootstrap()
#24 /var/www/larislur/vendor/laravel/framework/src/Illuminate/Foundation/Http/Kernel.php(162): Illuminate\\Foundation\\Application->bootstrapWith()
#25 /var/www/larislur/vendor/laravel/framework/src/Illuminate/Foundation/Http/Kernel.php(146): Illuminate\\Foundation\\Http\\Kernel->bootstrap()
#26 /var/www/larislur/vendor/laravel/framework/src/Illuminate/Foundation/Http/Kernel.php(116): Illuminate\\Foundation\\Http\\Kernel->sendRequestThroughRouter()
#27 /var/www/larislur/public/index.php(53): Illuminate\\Foundation\\Http\\Kernel->handle()
#28 {main}
"} 
[2021-12-30 14:57:43] local.EMERGENCY: File:/var/www/larislur/vendor/laravel/framework/src/Illuminate/Database/Eloquent/Builder.phpLine:454Message:No query results for model [App\Variation].  
